<?xml version="1.0" encoding="UTF-8"?>
<testsuite xmlns:xsi="http://www.w3.org/2001/XMLSchema-instance" xsi:noNamespaceSchemaLocation="https://maven.apache.org/surefire/maven-surefire-plugin/xsd/surefire-test-report-3.0.xsd" version="3.0" name="service.SecurityServiceTest" time="0.564" tests="21" errors="0" skipped="0" failures="0">
  <properties>
[...]
</properties>
  <testcase name="isSensorDeactivatedWhileAreadyInactive_shouldNotChangeAlarmState(AlarmStatus)[1]" classname="service.SecurityServiceTest" time="0.372"/>
  <testcase name="isSensorDeactivatedWhileAreadyInactive_shouldNotChangeAlarmState(AlarmStatus)[2]" classname="service.SecurityServiceTest" time="0.002"/>
  <testcase name="isSensorDeactivatedWhileAreadyInactive_shouldNotChangeAlarmState(AlarmStatus)[3]" classname="service.SecurityServiceTest" time="0.001"/>
  <testcase name="testAddAndRemoveStatusListener" classname="service.SecurityServiceTest" time="0.001"/>
  <testcase name="testAddAndRemoveSensor" classname="service.SecurityServiceTest" time="0.001"/>
  <testcase name="isArmedAndSensorActivatedAndIsPending_setAlarmToAlarm" classname="service.SecurityServiceTest" time="0.007"/>
  <testcase name="isArmingDisarmedAndAlarmOn_shouldHandleSensor" classname="service.SecurityServiceTest" time="0.002"/>
  <testcase name="systemIsDisarmed_setStatusToNoAlarm" classname="service.SecurityServiceTest" time="0.001"/>
  <testcase name="isAlarmActive_shouldChangeSensorStateNotAffectAlarmState(boolean)[1]" classname="service.SecurityServiceTest" time="0.001"/>
  <testcase name="isAlarmActive_shouldChangeSensorStateNotAffectAlarmState(boolean)[2]" classname="service.SecurityServiceTest" time="0.002"/>
  <testcase name="systemIsArmedHome_idendifiedCat_setAlarmStatusToAlarm" classname="service.SecurityServiceTest" time="0.061"/>
  <testcase name="isSensorActive_shouldChangeSensorStateNotAffectAlarmState" classname="service.SecurityServiceTest" time="0.002"/>
  <testcase name="systemIsArmed_resetAllSensorsToInactive(ArmingStatus)[1]" classname="service.SecurityServiceTest" time="0.007"/>
  <testcase name="systemIsArmed_resetAllSensorsToInactive(ArmingStatus)[2]" classname="service.SecurityServiceTest" time="0.004"/>
  <testcase name="isArmedAndSensorActivated_setSystemToPendingAlarmStatus" classname="service.SecurityServiceTest" time="0.001"/>
  <testcase name="testSetArmingStatus(ArmingStatus)[1]" classname="service.SecurityServiceTest" time="0.001"/>
  <testcase name="testSetArmingStatus(ArmingStatus)[2]" classname="service.SecurityServiceTest" time="0"/>
  <testcase name="testSetArmingStatus(ArmingStatus)[3]" classname="service.SecurityServiceTest" time="0.001"/>
  <testcase name="isPendingAlarmAndAllSensorsInactive_returnNoAlarmState" classname="service.SecurityServiceTest" time="0.003"/>
  <testcase name="catImageIdentified_changeSystemToAlarmStatus" classname="service.SecurityServiceTest" time="0.001"/>
  <testcase name="noCatImageIdentified_changeSystemToNoAlarm_shouldSensorsBeNotActive" classname="service.SecurityServiceTest" time="0.001"/>
</testsuite>